info:  Game: Photoshop.exe
info:  DXVK: v2.1
info:  Built-in extension providers:
info:    Win32 WSI
info:    OpenVR
info:    OpenXR
info:  OpenVR: could not open registry key, status 2
info:  OpenVR: Failed to locate module
info:  Vulkan: Found vkGetInstanceProcAddr in vulkan-1.dll @ 0x7f479f2acfa0
info:  Enabled instance extensions:
info:    VK_KHR_get_surface_capabilities2
info:    VK_KHR_surface
info:    VK_KHR_win32_surface
warn:  Skipping CPU adapter: llvmpipe (LLVM 15.0.6, 256 bits)
info:  Intel(R) Graphics (ADL GT2):
info:    Driver: 22.2.5
info:    Vulkan: 1.3.224
info:    Memory Heap[0]: 
info:      Size: 11763 MiB
info:      Flags: 0x1
info:      Memory Type[0]: Property Flags = 0xf
info:  Adapter LUID 0: 0:3fb
info:  Game: Photoshop.exe
info:  DXVK: v2.1
info:  Built-in extension providers:
info:    Win32 WSI
info:    OpenVR
info:    OpenXR
info:  OpenVR: could not open registry key, status 2
info:  OpenVR: Failed to locate module
info:  Vulkan: Found vkGetInstanceProcAddr in vulkan-1.dll @ 0x7f479f2acfa0
info:  Enabled instance extensions:
info:    VK_KHR_get_surface_capabilities2
info:    VK_KHR_surface
info:    VK_KHR_win32_surface
warn:  Skipping CPU adapter: llvmpipe (LLVM 15.0.6, 256 bits)
info:  Intel(R) Graphics (ADL GT2):
info:    Driver: 22.2.5
info:    Vulkan: 1.3.224
info:    Memory Heap[0]: 
info:      Size: 11763 MiB
info:      Flags: 0x1
info:      Memory Type[0]: Property Flags = 0xf
err:   getMonitorDevicePath: DisplayConfigGetDeviceInfo with DISPLAYCONFIG_DEVICE_INFO_GET_TARGET_NAME failed. ret: 50 LastError: 0
err:   getMonitorDevicePath: DisplayConfigGetDeviceInfo with DISPLAYCONFIG_DEVICE_INFO_GET_TARGET_NAME failed. ret: 50 LastError: 0
err:   getMonitorDevicePath: DisplayConfigGetDeviceInfo with DISPLAYCONFIG_DEVICE_INFO_GET_TARGET_NAME failed. ret: 50 LastError: 0
err:   getMonitorDevicePath: Failed to find a link from source -> target.
err:   getMonitorEdid: Failed to get monitor device path.
err:   DXGI: Failed to parse display metadata + colorimetry info, using blank.
info:  Game: Photoshop.exe
info:  DXVK: v2.1
info:  Built-in extension providers:
info:    Win32 WSI
info:    OpenVR
info:    OpenXR
info:  OpenVR: could not open registry key, status 2
info:  OpenVR: Failed to locate module
info:  Vulkan: Found vkGetInstanceProcAddr in vulkan-1.dll @ 0x7f479f2acfa0
info:  Enabled instance extensions:
info:    VK_KHR_get_surface_capabilities2
info:    VK_KHR_surface
info:    VK_KHR_win32_surface
warn:  Skipping CPU adapter: llvmpipe (LLVM 15.0.6, 256 bits)
info:  Intel(R) Graphics (ADL GT2):
info:    Driver: 22.2.5
info:    Vulkan: 1.3.224
info:    Memory Heap[0]: 
info:      Size: 11763 MiB
info:      Flags: 0x1
info:      Memory Type[0]: Property Flags = 0xf
err:   getMonitorDevicePath: DisplayConfigGetDeviceInfo with DISPLAYCONFIG_DEVICE_INFO_GET_TARGET_NAME failed. ret: 50 LastError: 0
err:   getMonitorDevicePath: DisplayConfigGetDeviceInfo with DISPLAYCONFIG_DEVICE_INFO_GET_TARGET_NAME failed. ret: 50 LastError: 0
err:   getMonitorDevicePath: DisplayConfigGetDeviceInfo with DISPLAYCONFIG_DEVICE_INFO_GET_TARGET_NAME failed. ret: 50 LastError: 0
err:   getMonitorDevicePath: Failed to find a link from source -> target.
err:   getMonitorEdid: Failed to get monitor device path.
err:   DXGI: Failed to parse display metadata + colorimetry info, using blank.
info:  Game: Photoshop.exe
info:  DXVK: v2.1
info:  Built-in extension providers:
info:    Win32 WSI
info:    OpenVR
info:    OpenXR
info:  OpenVR: could not open registry key, status 2
info:  OpenVR: Failed to locate module
info:  Vulkan: Found vkGetInstanceProcAddr in vulkan-1.dll @ 0x7f479f2acfa0
info:  Enabled instance extensions:
info:    VK_KHR_get_surface_capabilities2
info:    VK_KHR_surface
info:    VK_KHR_win32_surface
warn:  Skipping CPU adapter: llvmpipe (LLVM 15.0.6, 256 bits)
info:  Intel(R) Graphics (ADL GT2):
info:    Driver: 22.2.5
info:    Vulkan: 1.3.224
info:    Memory Heap[0]: 
info:      Size: 11763 MiB
info:      Flags: 0x1
info:      Memory Type[0]: Property Flags = 0xf
err:   getMonitorDevicePath: DisplayConfigGetDeviceInfo with DISPLAYCONFIG_DEVICE_INFO_GET_TARGET_NAME failed. ret: 50 LastError: 0
err:   getMonitorDevicePath: DisplayConfigGetDeviceInfo with DISPLAYCONFIG_DEVICE_INFO_GET_TARGET_NAME failed. ret: 50 LastError: 0
err:   getMonitorDevicePath: DisplayConfigGetDeviceInfo with DISPLAYCONFIG_DEVICE_INFO_GET_TARGET_NAME failed. ret: 50 LastError: 0
err:   getMonitorDevicePath: Failed to find a link from source -> target.
err:   getMonitorEdid: Failed to get monitor device path.
err:   DXGI: Failed to parse display metadata + colorimetry info, using blank.
warn:  CreateDXGIFactory2: Ignoring flags
info:  Game: Photoshop.exe
info:  DXVK: v2.1
info:  Built-in extension providers:
info:    Win32 WSI
info:    OpenVR
info:    OpenXR
info:  OpenVR: could not open registry key, status 2
info:  OpenVR: Failed to locate module
info:  Vulkan: Found vkGetInstanceProcAddr in vulkan-1.dll @ 0x7f479f2acfa0
info:  Enabled instance extensions:
info:    VK_KHR_get_surface_capabilities2
info:    VK_KHR_surface
info:    VK_KHR_win32_surface
warn:  Skipping CPU adapter: llvmpipe (LLVM 15.0.6, 256 bits)
info:  Intel(R) Graphics (ADL GT2):
info:    Driver: 22.2.5
info:    Vulkan: 1.3.224
info:    Memory Heap[0]: 
info:      Size: 11763 MiB
info:      Flags: 0x1
info:      Memory Type[0]: Property Flags = 0xf
warn:  DxgiAdapter::QueryInterface: Unknown interface query
warn:  17399d75-964e-4c03-99f8-9d4fd196dd62
warn:  CreateDXGIFactory2: Ignoring flags
info:  Game: Photoshop.exe
info:  DXVK: v2.1
info:  Built-in extension providers:
info:    Win32 WSI
info:    OpenVR
info:    OpenXR
info:  OpenVR: could not open registry key, status 2
info:  OpenVR: Failed to locate module
info:  Vulkan: Found vkGetInstanceProcAddr in vulkan-1.dll @ 0x7f479f2acfa0
info:  Enabled instance extensions:
info:    VK_KHR_get_surface_capabilities2
info:    VK_KHR_surface
info:    VK_KHR_win32_surface
warn:  Skipping CPU adapter: llvmpipe (LLVM 15.0.6, 256 bits)
info:  Intel(R) Graphics (ADL GT2):
info:    Driver: 22.2.5
info:    Vulkan: 1.3.224
info:    Memory Heap[0]: 
info:      Size: 11763 MiB
info:      Flags: 0x1
info:      Memory Type[0]: Property Flags = 0xf
warn:  DxgiAdapter::QueryInterface: Unknown interface query
warn:  17399d75-964e-4c03-99f8-9d4fd196dd62
warn:  DxgiAdapter::QueryInterface: Unknown interface query
warn:  17399d75-964e-4c03-99f8-9d4fd196dd62
warn:  DxgiAdapter::QueryInterface: Unknown interface query
warn:  17399d75-964e-4c03-99f8-9d4fd196dd62
